2023-12-31 16:33:34|   0.0|  0.0|INFORM|Current FME version: FME 2023.2.0.0 (20231201 - Build 23764 - WIN64)
2023-12-31 16:33:34|   0.0|  0.0|INFORM|System Time: 20231231153334 UTC
2023-12-31 16:33:34|   0.0|  0.0|INFORM|FME_HOME is 'D:\FME\'
2023-12-31 16:33:34|   0.0|  0.0|INFORM|FME for March (node locked-crc)
2023-12-31 16:33:34|   0.0|  0.0|INFORM|Serial Number: 0
2023-12-31 16:33:34|   0.0|  0.0|INFORM|Temporary License: 93 days left.
2023-12-31 16:33:34|   0.0|  0.0|INFORM|Machine host name is: DESKTOP-4A7E8OM
2023-12-31 16:33:34|   0.0|  0.0|INFORM|OS Locale Name     : pl_PL
2023-12-31 16:33:34|   0.0|  0.0|INFORM|OS Locale Encoding : windows-1250
2023-12-31 16:33:34|   0.0|  0.0|INFORM|Process Encoding   : UTF-8
2023-12-31 16:33:34|   0.0|  0.0|INFORM|FME API version: '4.0 20230426'
2023-12-31 16:33:34|   0.0|  0.0|INFORM|FME Configuration: FME_BASE is 'no'
2023-12-31 16:33:34|   0.0|  0.0|INFORM|FME Configuration: FME_MF_DIR is 'D:\Studia\Semestr V\bazy\cw10/'
2023-12-31 16:33:34|   0.0|  0.0|INFORM|FME Configuration: FME_MF_NAME is 'cw10.fmw'
2023-12-31 16:33:34|   0.0|  0.0|INFORM|FME Configuration: FME_PRODUCT_NAME is 'FME(R) 2023.2.0.0'
2023-12-31 16:33:34|   0.0|  0.0|INFORM|Operating System: Microsoft Windows 10 64-bit  (Build 19045)
2023-12-31 16:33:34|   0.0|  0.0|INFORM|FME Platform: WIN64
2023-12-31 16:33:34|   0.0|  0.0|INFORM|System Status: 11.14 GB of disk space available in the FME temporary folder (C:\Users\Piotr\AppData\Local\Temp\wbrun_1704013263925_4856\fmetmp_3b)
2023-12-31 16:33:34|   0.0|  0.0|INFORM|System Status: 15.91 GB of physical memory available
2023-12-31 16:33:34|   0.0|  0.0|INFORM|System Status: 63.64 GB of virtual memory available
2023-12-31 16:33:34|   0.0|  0.0|INFORM|START - ProcessID: 23480, peak process memory usage: 136640 kB, current process memory usage: 86888 kB
2023-12-31 16:33:34|   0.0|  0.0|INFORM|FME Configuration: Command line arguments are `D:\FME\fme.exe' `D:\Studia\Semestr V\bazy\cw10\wb-xlate-1704036809359_4856' `LOG_STANDARDOUT' `YES' `LOG_TIMINGS' `YES' `LogCountServerName' `50244' `LOG_STANDARDOUT' `No' `WORKBENCH_LOG_SERVER' `37038'
2023-12-31 16:33:34|   0.0|  0.0|INFORM|FME Configuration: Connection Storage: 'C:\Users\Piotr\AppData\Roaming\Safe Software\FME\'
2023-12-31 16:33:34|   0.0|  0.0|INFORM|Using Python interpreter from `D:\FME\fmepython311\python311.dll' with PYTHONHOME `D:\FME\fmepython311'
2023-12-31 16:33:34|   0.0|  0.0|INFORM|Python version 3.11 loaded successfully
2023-12-31 16:33:34|   0.0|  0.0|INFORM|FME_BEGIN_PYTHON: evaluating python script from string...
2023-12-31 16:33:35|   0.1|  0.1|INFORM|Email sent!
2023-12-31 16:33:35|   0.1|  0.0|INFORM|FME_BEGIN_PYTHON: python script execution complete.
2023-12-31 16:33:35|   0.1|  0.0|INFORM|Shared folders for formats are : D:\FME\datasources;C:\Users\Piotr\Documents\FME\Formats
2023-12-31 16:33:35|   0.1|  0.0|INFORM|Shared folders for transformers are : C:\Users\Piotr\AppData\Roaming\Safe Software\FME\Packages\23764-win64\transformers;D:\FME\transformers;C:\Users\Piotr\AppData\Roaming\Safe Software\FME\FME Store\Transformers
2023-12-31 16:33:35|   0.1|  0.0|INFORM|Shared folders for coordinate systems are : C:\Users\Piotr\Documents\FME\CoordinateSystems
2023-12-31 16:33:35|   0.1|  0.0|INFORM|Shared folders for coordinate system exceptions are : C:\Users\Piotr\Documents\FME\CoordinateSystemExceptions
2023-12-31 16:33:35|   0.1|  0.0|INFORM|Shared folders for coordinate system grid overrides are : C:\Users\Piotr\Documents\FME\CoordinateSystemGridOverrides
2023-12-31 16:33:35|   0.1|  0.0|INFORM|Shared folders for CS-MAP transformation exceptions are : C:\Users\Piotr\Documents\FME\CsmapTransformationExceptions
2023-12-31 16:33:35|   0.1|  0.0|INFORM|Shared folders for transformer categories are : C:\Users\Piotr\Documents\FME\TransformerCategories
2023-12-31 16:33:35|   0.1|  0.0|INFORM|FME Configuration: Reader Keyword is `MULTI_READER'
2023-12-31 16:33:35|   0.1|  0.0|INFORM|FME Configuration: Writer Keyword is `PRIMARY_DEST'
2023-12-31 16:33:35|   0.1|  0.0|INFORM|FME Configuration: Writer Group Definition Keyword is `PRIMARY_DEST_DEF'
2023-12-31 16:33:35|   0.1|  0.0|INFORM|FME Configuration: Reader type is `MULTI_READER'
2023-12-31 16:33:35|   0.1|  0.0|INFORM|FME Configuration: Writer type is `MULTI_WRITER'
2023-12-31 16:33:35|   0.1|  0.0|INFORM|FME Configuration: No destination coordinate system set
2023-12-31 16:33:35|   0.1|  0.0|INFORM|FME Configuration: Current working folder is `D:\Studia\Semestr V\bazy\cw10'
2023-12-31 16:33:35|   0.1|  0.0|INFORM|FME Configuration: Temporary folder is `C:\Users\Piotr\AppData\Local\Temp\wbrun_1704013263925_4856\fmetmp_3b', set from environment variable `FME_TEMP'
2023-12-31 16:33:35|   0.1|  0.0|INFORM|FME Configuration: Cache folder is 'C:\Users\Piotr\AppData\Local\Temp'
2023-12-31 16:33:35|   0.1|  0.0|INFORM|FME Configuration: FME_HOME is `D:\FME\'
2023-12-31 16:33:35|   0.1|  0.0|INFORM|FME Configuration: Start freeing memory when the process exceeds 47.73 GB
2023-12-31 16:33:35|   0.1|  0.0|INFORM|FME Configuration: Stop freeing memory when the process is below 35.80 GB
2023-12-31 16:33:35|   0.2|  0.1|INFORM|Creating writer for format: 
2023-12-31 16:33:35|   0.2|  0.0|INFORM|Creating reader for format: 
2023-12-31 16:33:35|   0.2|  0.0|INFORM|MULTI_READER(MULTI_READER): Will fail with first member reader failure
2023-12-31 16:33:35|   0.2|  0.0|INFORM|Using Multi Reader with keyword `MULTI_READER' to read multiple datasets
2023-12-31 16:33:35|   0.2|  0.0|INFORM|Using MultiWriter with keyword `PRIMARY_DEST' to output data (ID_ATTRIBUTE is `multi_writer_id')
2023-12-31 16:33:35|   0.2|  0.0|INFORM|Writer output will be ordered by value of multi_writer_id
2023-12-31 16:33:35|   0.2|  0.0|INFORM|Loaded module 'LogCount_func' from file 'D:\FME\plugins/LogCount_func.dll'
2023-12-31 16:33:35|   0.2|  0.0|INFORM|FME API version of module 'LogCount_func' matches current internal version (4.0 20230426)
2023-12-31 16:33:35|   0.3|  0.1|INFORM|Loaded module 'RasterSplitterFactory' from file 'D:\FME\plugins/RasterSplitterFactory.dll'
2023-12-31 16:33:35|   0.3|  0.0|INFORM|FME API version of module 'RasterSplitterFactory' matches current internal version (4.0 20230426)
2023-12-31 16:33:35|   0.3|  0.0|INFORM|Loaded module 'Geometry_func' from file 'D:\FME\plugins/Geometry_func.dll'
2023-12-31 16:33:35|   0.3|  0.0|INFORM|FME API version of module 'Geometry_func' matches current internal version (4.0 20230426)
2023-12-31 16:33:35|   0.3|  0.0|INFORM|Loaded module 'RasterProperties_func' from file 'D:\FME\plugins/RasterProperties_func.dll'
2023-12-31 16:33:35|   0.3|  0.0|INFORM|FME API version of module 'RasterProperties_func' matches current internal version (4.0 20230426)
2023-12-31 16:33:35|   0.3|  0.0|INFORM|Loaded module 'RasterNodata_func' from file 'D:\FME\plugins/RasterNodata_func.dll'
2023-12-31 16:33:35|   0.3|  0.0|INFORM|FME API version of module 'RasterNodata_func' matches current internal version (4.0 20230426)
2023-12-31 16:33:35|   0.3|  0.0|INFORM|Loaded module 'RasterEvaluationFactory' from file 'D:\FME\plugins/RasterEvaluationFactory.dll'
2023-12-31 16:33:35|   0.3|  0.0|INFORM|FME API version of module 'RasterEvaluationFactory' matches current internal version (4.0 20230426)
2023-12-31 16:33:35|   0.4|  0.1|INFORM|Loaded module 'RasterPaletteAttributes_func' from file 'D:\FME\plugins/RasterPaletteAttributes_func.dll'
2023-12-31 16:33:35|   0.4|  0.0|INFORM|FME API version of module 'RasterPaletteAttributes_func' matches current internal version (4.0 20230426)
2023-12-31 16:33:35|   0.4|  0.0|INFORM|Loaded module 'ClipperFactory' from file 'D:\FME\plugins/ClipperFactory.dll'
2023-12-31 16:33:35|   0.4|  0.0|INFORM|FME API version of module 'ClipperFactory' matches current internal version (4.0 20230426)
2023-12-31 16:33:35|   0.4|  0.0|INFORM|Loaded module 'RasterStatisticsFactory' from file 'D:\FME\plugins/RasterStatisticsFactory.dll'
2023-12-31 16:33:35|   0.5|  0.1|INFORM|FME API version of module 'RasterStatisticsFactory' matches current internal version (4.0 20230426)
2023-12-31 16:33:35|   0.5|  0.0|INFORM|Emptying factory pipeline
2023-12-31 16:33:35|   0.5|  0.0|STATS |Router and Unexpected Input Remover (RoutingFactory): Tested 0 input feature(s), wrote 0 output feature(s): 0 matched merge filters, 0 were routed to output, 0 could not be routed.
2023-12-31 16:33:35|   0.5|  0.0|STATS |Unwanted Router Input Nuker (TeeFactory): Cloned 0 input feature(s) into 0 output feature(s)
2023-12-31 16:33:35|   0.5|  0.0|STATS |powiaty_SHAPEFILE_1 Splitter (TeeFactory): Cloned 0 input feature(s) into 0 output feature(s)
2023-12-31 16:33:35|   0.5|  0.0|STATS |Restoring 2 feature(s) from FME feature store file `C:\Users\Piotr\AppData\Local\Temp\wb-cache-cw10-XAtzVs\Main_EarthCacheConnector -1 18 fo 0 Output  0  0cf6e3fb66f84bf1461d4099397f20a52b2acd37.ffs'
2023-12-31 16:33:38|   3.1|  2.6|STATS |Restoring 1 feature(s) from FME feature store file `C:\Users\Piotr\AppData\Local\Temp\wb-cache-cw10-XAtzVs\Main_Reprojector -1 14 fo 0 REPROJECTED  0  f68eef977d75813d1b96e04a67e6bf309c9fed56.ffs'
2023-12-31 16:33:38|   3.2|  0.1|STATS |Sampler (SamplingFactory): Sampled 1 of 2 feature(s)
2023-12-31 16:33:38|   3.2|  0.0|STATS |Sampler_Sampled (TeeFactory): Cloned 1 input feature(s) into 1 output feature(s)
2023-12-31 16:33:38|   3.2|  0.0|STATS |RasterBandSeparator (RasterSplitterFactory): Total of 4 raster feature(s) processed
2023-12-31 16:33:38|   3.2|  0.0|STATS |RasterBandSeparator OUTPUT Splitter (TeeFactory): Cloned 4 input feature(s) into 8 output feature(s)
2023-12-31 16:33:38|   3.2|  0.0|STATS |TestFilter_2_INPUT (TeeFactory): Cloned 4 input feature(s) into 4 output feature(s)
2023-12-31 16:33:38|   3.2|  0.0|STATS |TestFilter_2 (TestFactory): Tested 4 input feature(s) -- 1 feature(s) passed and 3 feature(s) failed
2023-12-31 16:33:38|   3.2|  0.0|STATS |TestFilter_3_INPUT (TeeFactory): Cloned 4 input feature(s) into 4 output feature(s)
2023-12-31 16:33:38|   3.2|  0.0|STATS |TestFilter_3 (TestFactory): Tested 4 input feature(s) -- 1 feature(s) passed and 3 feature(s) failed
2023-12-31 16:33:38|   3.2|  0.0|STATS |NDVICalculator Red Input Collector (TeeFactory): Cloned 1 input feature(s) into 1 output feature(s)
2023-12-31 16:33:38|   3.2|  0.0|STATS |NDVICalculator Infrared Input Collector (TeeFactory): Cloned 1 input feature(s) into 1 output feature(s)
2023-12-31 16:33:38|   3.2|  0.0|STATS |NDVICalculator_Red1572301170 Input Splitter (TeeFactory): Cloned 1 input feature(s) into 1 output feature(s)
2023-12-31 16:33:38|   3.2|  0.0|STATS |NDVICalculator_Infrared1572301170 Input Splitter (TeeFactory): Cloned 1 input feature(s) into 1 output feature(s)
2023-12-31 16:33:38|   3.2|  0.0|STATS |NDVICalculator_GeometryFilter_InputPassThrough (TeeFactory): Cloned 2 input feature(s) into 2 output feature(s)
2023-12-31 16:33:38|   3.2|  0.0|STATS |NDVICalculator_GeometryFilter_RouterPrepper (TeeFactory): Cloned 2 input feature(s) into 2 output feature(s)
2023-12-31 16:33:38|   3.2|  0.0|STATS |NDVICalculator_GeometryFilter_Router (TestFactory): Tested 2 input feature(s) -- 2 feature(s) passed and 0 feature(s) failed
2023-12-31 16:33:38|   3.2|  0.0|STATS |NDVICalculator_Junction_4 (TeeFactory): Cloned 0 input feature(s) into 0 output feature(s)
2023-12-31 16:33:38|   3.2|  0.0|STATS |NDVICalculator_Junction_5 (TeeFactory): Cloned 0 input feature(s) into 0 output feature(s)
2023-12-31 16:33:38|   3.2|  0.0|STATS |NDVICalculator_RasterPropertyExtractor (TeeFactory): Cloned 2 input feature(s) into 2 output feature(s)
2023-12-31 16:33:38|   3.2|  0.0|STATS |NDVICalculator_RasterPropertyExtractor_Rejector (TestFactory): Tested 2 input feature(s) -- 0 feature(s) passed and 2 feature(s) failed
2023-12-31 16:33:38|   3.2|  0.0|STATS |NDVICalculator_Junction (TeeFactory): Cloned 0 input feature(s) into 0 output feature(s)
2023-12-31 16:33:38|   3.2|  0.0|STATS |NDVICalculator_Tester (TestFactory): Tested 2 input feature(s) -- 2 feature(s) passed and 0 feature(s) failed
2023-12-31 16:33:38|   3.2|  0.0|STATS |NDVICalculator_Junction_6 (TeeFactory): Cloned 0 input feature(s) into 0 output feature(s)
2023-12-31 16:33:38|   3.2|  0.0|STATS |NDVICalculator_Junction_7 (TeeFactory): Cloned 0 input feature(s) into 0 output feature(s)
2023-12-31 16:33:38|   3.2|  0.0|STATS |NDVICalculator_RasterBandPropertyExtractor (TeeFactory): Cloned 2 input feature(s) into 2 output feature(s)
2023-12-31 16:33:38|   3.2|  0.0|STATS |NDVICalculator_RasterBandPropertyExtractor_Rejector (TestFactory): Tested 2 input feature(s) -- 0 feature(s) passed and 2 feature(s) failed
2023-12-31 16:33:38|   3.2|  0.0|STATS |NDVICalculator_Junction_3 (TeeFactory): Cloned 0 input feature(s) into 0 output feature(s)
2023-12-31 16:33:38|   3.2|  0.0|STATS |NDVICalculator_Tester_2 (TestFactory): Tested 2 input feature(s) -- 2 feature(s) passed and 0 feature(s) failed
2023-12-31 16:33:38|   3.2|  0.0|STATS |NDVICalculator_Junction_8 (TeeFactory): Cloned 0 input feature(s) into 0 output feature(s)
2023-12-31 16:33:38|   3.2|  0.0|STATS |NDVICalculator_Junction_9 (TeeFactory): Cloned 0 input feature(s) into 0 output feature(s)
2023-12-31 16:33:38|   3.2|  0.0|STATS |NDVICalculator_RasterBandNodataRemover (TeeFactory): Cloned 2 input feature(s) into 2 output feature(s)
2023-12-31 16:33:38|   3.2|  0.0|STATS |NDVICalculator_RasterBandNodataRemover_Rejector (TestFactory): Tested 2 input feature(s) -- 0 feature(s) passed and 2 feature(s) failed
2023-12-31 16:33:38|   3.2|  0.0|STATS |NDVICalculator_TestFilter_3 (TeeFactory): Cloned 2 input feature(s) into 2 output feature(s)
2023-12-31 16:33:38|   3.2|  0.0|STATS |NDVICalculator_TestFilter_3_Condition_1 (TestFactory): Tested 2 input feature(s) -- 0 feature(s) passed and 2 feature(s) failed
2023-12-31 16:33:38|   3.2|  0.0|STATS |NDVICalculator_TestFilter_3_SAVIadjustmentSet (TeeFactory): Cloned 2 input feature(s) into 2 output feature(s)
2023-12-31 16:33:38|   3.2|  0.0|STATS |NDVICalculator_TestFilter_5 (TeeFactory): Cloned 2 input feature(s) into 2 output feature(s)
2023-12-31 16:33:38|   3.2|  0.0|STATS |NDVICalculator_TestFilter_5_Condition_1 (TestFactory): Tested 2 input feature(s) -- 1 feature(s) passed and 1 feature(s) failed
2023-12-31 16:33:38|   3.2|  0.0|STATS |NDVICalculator_TestFilter_5_infrared (TeeFactory): Cloned 1 input feature(s) into 1 output feature(s)
2023-12-31 16:33:38|   3.2|  0.0|STATS |NDVICalculator_TestFilter_2 (TeeFactory): Cloned 1 input feature(s) into 1 output feature(s)
2023-12-31 16:33:38|   3.2|  0.0|STATS |NDVICalculator_TestFilter_2_Condition_1 (TestFactory): Tested 1 input feature(s) -- 1 feature(s) passed and 0 feature(s) failed
2023-12-31 16:33:38|   3.2|  0.0|STATS |NDVICalculator_TestFilter_2_SAVI (TeeFactory): Cloned 0 input feature(s) into 0 output feature(s)
2023-12-31 16:33:38|   3.2|  0.0|STATS |NDVICalculator_TestFilter (TeeFactory): Cloned 1 input feature(s) into 1 output feature(s)
2023-12-31 16:33:38|   3.2|  0.0|STATS |NDVICalculator_TestFilter_Condition_1 (TestFactory): Tested 1 input feature(s) -- 1 feature(s) passed and 0 feature(s) failed
2023-12-31 16:33:38|   3.2|  0.0|STATS |NDVICalculator_TestFilter_SAVI (TeeFactory): Cloned 0 input feature(s) into 0 output feature(s)
2023-12-31 16:33:38|   3.2|  0.0|STATS |NDVICalculator_Junction_13 (TeeFactory): Cloned 0 input feature(s) into 0 output feature(s)
2023-12-31 16:33:38|   3.2|  0.0|STATS |NDVICalculator_TestFilter_4 (TeeFactory): Cloned 1 input feature(s) into 1 output feature(s)
2023-12-31 16:33:38|   3.2|  0.0|STATS |NDVICalculator_TestFilter_4_Condition_1 (TestFactory): Tested 1 input feature(s) -- 1 feature(s) passed and 0 feature(s) failed
2023-12-31 16:33:38|   3.2|  0.0|STATS |NDVICalculator_TestFilter_4_Condition_2 (TestFactory): Tested 0 input feature(s) -- 0 feature(s) passed and 0 feature(s) failed
2023-12-31 16:33:38|   3.2|  0.0|STATS |NDVICalculator_TestFilter_4_Do Not (TeeFactory): Cloned 0 input feature(s) into 0 output feature(s)
2023-12-31 16:33:38|   3.2|  0.0|STATS |NDVICalculator_RasterBandNodataSetter_2_RasterBandNodataSetterInput (TeeFactory): Cloned 0 input feature(s) into 0 output feature(s)
2023-12-31 16:33:38|   3.2|  0.0|STATS |NDVICalculator_RasterBandNodataSetter_2_RasterBandNodataSetter (TeeFactory): Cloned 0 input feature(s) into 0 output feature(s)
2023-12-31 16:33:38|   3.2|  0.0|STATS |NDVICalculator_RasterBandNodataSetter_2_Rejector (TestFactory): Tested 0 input feature(s) -- 0 feature(s) passed and 0 feature(s) failed
2023-12-31 16:33:38|   3.2|  0.0|STATS |NDVICalculator_RasterPaletteAdder_2 (TeeFactory): Cloned 0 input feature(s) into 0 output feature(s)
2023-12-31 16:33:38|   3.2|  0.0|STATS |NDVICalculator_RasterPaletteAdder_2_Rejector (TestFactory): Tested 0 input feature(s) -- 0 feature(s) passed and 0 feature(s) failed
2023-12-31 16:33:38|   3.2|  0.0|STATS |NDVICalculator_Junction_10 (TeeFactory): Cloned 0 input feature(s) into 0 output feature(s)
2023-12-31 16:33:38|   3.2|  0.0|STATS |NDVICalculator_RasterPaletteAdder (TeeFactory): Cloned 1 input feature(s) into 1 output feature(s)
2023-12-31 16:33:38|   3.2|  0.0|STATS |NDVICalculator_RasterPaletteAdder_Rejector (TestFactory): Tested 1 input feature(s) -- 0 feature(s) passed and 1 feature(s) failed
2023-12-31 16:33:38|   3.2|  0.0|STATS |NDVICalculator_Junction_11 (TeeFactory): Cloned 0 input feature(s) into 0 output feature(s)
2023-12-31 16:33:38|   3.2|  0.0|STATS |NDVICalculator_RasterBandNodataSetter_RasterBandNodataSetterInput (TeeFactory): Cloned 1 input feature(s) into 1 output feature(s)
2023-12-31 16:33:38|   3.2|  0.0|STATS |NDVICalculator_RasterBandNodataSetter_RasterBandNodataSetter (TeeFactory): Cloned 1 input feature(s) into 1 output feature(s)
2023-12-31 16:33:38|   3.2|  0.0|STATS |NDVICalculator_RasterBandNodataSetter_Rejector (TestFactory): Tested 1 input feature(s) -- 0 feature(s) passed and 1 feature(s) failed
2023-12-31 16:33:38|   3.2|  0.0|STATS |NDVICalculator_AttributeRemover (TeeFactory): Cloned 1 input feature(s) into 1 output feature(s)
2023-12-31 16:33:38|   3.2|  0.0|STATS |NDVICalculator_Junction_12 (TeeFactory): Cloned 0 input feature(s) into 0 output feature(s)
2023-12-31 16:33:38|   3.2|  0.0|STATS |NDVICalculator_Junction_2 (TeeFactory): Cloned 0 input feature(s) into 0 output feature(s)
2023-12-31 16:33:38|   3.2|  0.0|STATS |NDVICalculator_Output1572301170 Output Collector (TeeFactory): Cloned 1 input feature(s) into 1 output feature(s)
2023-12-31 16:33:38|   3.2|  0.0|STATS |NDVICalculator_<Rejected>1572301170 Output Collector (TeeFactory): Cloned 0 input feature(s) into 0 output feature(s)
2023-12-31 16:33:38|   3.2|  0.0|STATS |NDVICalculator Output Output Renamer/Nuker (TeeFactory): Cloned 1 input feature(s) into 1 output feature(s)
2023-12-31 16:33:38|   3.2|  0.0|STATS |NDVICalculator <Rejected> Output Renamer/Nuker (TeeFactory): Cloned 0 input feature(s) into 0 output feature(s)
2023-12-31 16:33:40|   5.3|  2.1|INFORM|Creating writer for format: GeoTIFF (Geo-referenced Tagged Image File Format)
2023-12-31 16:33:40|   5.3|  0.0|INFORM|Trying to find a DYNAMIC plugin for writer named `GEOTIFF'
2023-12-31 16:33:40|   5.3|  0.0|INFORM|Loaded module 'GEOTIFF' from file 'D:\FME\plugins/gdal/GDAL.dll'
2023-12-31 16:33:40|   5.3|  0.0|INFORM|FME API version of module 'gdal/GDAL' matches current internal version (4.0 20230426)
2023-12-31 16:33:40|   5.3|  0.0|INFORM|FME Configuration: No destination coordinate system set
2023-12-31 16:33:40|   5.3|  0.0|INFORM|Writer `GEOTIFF_1' of type `GEOTIFF' using group definition keyword `GEOTIFF_1_DEF'
2023-12-31 16:33:40|   5.3|  0.0|INFORM|GEOTIFF writer: Setting writer level option '_WRITE_OFFSETS_IN_CS_UNITS' to value 'Yes'
2023-12-31 16:33:40|   5.3|  0.0|INFORM|GEOTIFF writer: Setting writer level option '_WRITE_PROJECTED_COORDSYS_AS_EPSG_CODE' to value 'Yes'
2023-12-31 16:33:40|   5.3|  0.0|INFORM|GEOTIFF writer: Setting writer level option '_WRITE_GEOGRAPHIC_COORDSYS_AS_EPSG_CODE' to value 'Yes'
2023-12-31 16:33:40|   5.3|  0.0|INFORM|GEOTIFF writer: Setting writer level option '_WRITE_GEOGRAPHIC_KEYS_FOR_PROJECTED_COORDSYS' to value 'Yes'
2023-12-31 16:33:40|   5.3|  0.0|INFORM|GEOTIFF writer: Setting writer level option '_WRITE_ESRI_COMPATIBLE_COORDSYS' to value 'No'
2023-12-31 16:33:40|   5.3|  0.0|INFORM|GEOTIFF writer: Setting feature type level option 'geotiff_world_file_generation' to value 'no' for feature type 'ndvi'
2023-12-31 16:33:40|   5.3|  0.0|INFORM|GEOTIFF writer: Setting feature type level option 'geotiff_compression_method' to value 'none' for feature type 'ndvi'
2023-12-31 16:33:40|   5.3|  0.0|INFORM|GEOTIFF writer: Setting feature type level option 'geotiff_jpeg_compression_level' to value '25' for feature type 'ndvi'
2023-12-31 16:33:40|   5.3|  0.0|INFORM|GEOTIFF writer: Setting feature type level option 'geotiff_deflate_compression_level' to value '6' for feature type 'ndvi'
2023-12-31 16:33:40|   5.3|  0.0|INFORM|GEOTIFF writer: Setting feature type level option 'geotiff_zstd_compression_level' to value '9' for feature type 'ndvi'
2023-12-31 16:33:40|   5.3|  0.0|INFORM|GEOTIFF writer: Setting feature type level option 'geotiff_tab_file_generation' to value 'no' for feature type 'ndvi'
2023-12-31 16:33:40|   5.3|  0.0|INFORM|GEOTIFF writer: Setting feature type level option 'geotiff_interleaving_type' to value 'BSQ' for feature type 'ndvi'
2023-12-31 16:33:40|   5.3|  0.0|INFORM|GEOTIFF writer: Setting feature type level option 'geotiff_byte_order' to value 'machine' for feature type 'ndvi'
2023-12-31 16:33:40|   5.3|  0.0|INFORM|GEOTIFF writer: Setting feature type level option 'geotiff_calculate_minmax_tifftags' to value 'no' for feature type 'ndvi'
2023-12-31 16:33:40|   5.3|  0.0|WARN  |GEOTIFF writer: Overwriting option 'geotiff_interleaving_type' from feature type 'ndvi' with feature format attribute. New value is 'BIP'. Other features may also overwrite this option
2023-12-31 16:33:40|   5.3|  0.0|WARN  |GEOTIFF writer: Overwriting option 'geotiff_compression_method' from feature type 'ndvi' with feature format attribute. New value is 'lzw'. Other features may also overwrite this option
2023-12-31 16:33:42|   6.6|  1.3|INFORM|Loaded module 'PointCloudEvaluationFactory' from file 'D:\FME\plugins/PointCloudEvaluationFactory.dll'
2023-12-31 16:33:42|   6.6|  0.0|INFORM|FME API version of module 'PointCloudEvaluationFactory' matches current internal version (4.0 20230426)
2023-12-31 16:33:43|   7.5|  0.9|INFORM|Loaded module 'CalculatePointCloudStatistics_func' from file 'D:\FME\plugins/CalculatePointCloudStatistics_func.dll'
2023-12-31 16:33:43|   7.5|  0.0|INFORM|FME API version of module 'CalculatePointCloudStatistics_func' matches current internal version (4.0 20230426)
2023-12-31 16:33:44|   8.5|  1.0|STATS |Clipper INSIDE Splitter (TeeFactory): Cloned 1 input feature(s) into 2 output feature(s)
2023-12-31 16:33:44|   8.6|  0.1|STATS |Destination Feature Type Routing Correlator (RoutingFactory): Tested 1 input feature(s), wrote 1 output feature(s): 0 matched merge filters, 1 were routed to output, 0 could not be routed.
2023-12-31 16:33:44|   8.6|  0.0|STATS |Final Output Nuker (TeeFactory): Cloned 0 input feature(s) into 0 output feature(s)
2023-12-31 16:33:44|   8.6|  0.0|INFORM|=-=-=-=-=-=-=-=-=-=-=-=-=-=-=-=-=-=-=-=-=-=-=-=-=-=-=-=-=-=-=-=-=-=-=-=-=-=-=-
2023-12-31 16:33:44|   8.6|  0.0|INFORM|Feature output statistics for `GEOTIFF' writer using keyword `GEOTIFF_1':
2023-12-31 16:33:44|   8.6|  0.0|STATS |=-=-=-=-=-=-=-=-=-=-=-=-=-=-=-=-=-=-=-=-=-=-=-=-=-=-=-=-=-=-=-=-=-=-=-=-=-=-=-
2023-12-31 16:33:44|   8.6|  0.0|STATS |                               Features Written
2023-12-31 16:33:44|   8.6|  0.0|STATS |=-=-=-=-=-=-=-=-=-=-=-=-=-=-=-=-=-=-=-=-=-=-=-=-=-=-=-=-=-=-=-=-=-=-=-=-=-=-=-
2023-12-31 16:33:44|   8.6|  0.0|STATS |ndvi                                                                         1
2023-12-31 16:33:44|   8.6|  0.0|STATS |==============================================================================
2023-12-31 16:33:44|   8.6|  0.0|STATS |Total Features Written                                                       1
2023-12-31 16:33:44|   8.6|  0.0|STATS |=-=-=-=-=-=-=-=-=-=-=-=-=-=-=-=-=-=-=-=-=-=-=-=-=-=-=-=-=-=-=-=-=-=-=-=-=-=-=-
2023-12-31 16:33:44|   8.6|  0.0|STATS |=-=-=-=-=-=-=-=-=-=-=-=-=-=-=-=-=-=-=-=-=-=-=-=-=-=-=-=-=-=-=-=-=-=-=-=-=-=-=-
2023-12-31 16:33:44|   8.6|  0.0|STATS |                            Features Read Summary
2023-12-31 16:33:44|   8.6|  0.0|STATS |=-=-=-=-=-=-=-=-=-=-=-=-=-=-=-=-=-=-=-=-=-=-=-=-=-=-=-=-=-=-=-=-=-=-=-=-=-=-=-
2023-12-31 16:33:44|   8.6|  0.0|STATS |==============================================================================
2023-12-31 16:33:44|   8.6|  0.0|STATS |Total Features Read                                                          0
2023-12-31 16:33:44|   8.6|  0.0|STATS |=-=-=-=-=-=-=-=-=-=-=-=-=-=-=-=-=-=-=-=-=-=-=-=-=-=-=-=-=-=-=-=-=-=-=-=-=-=-=-
2023-12-31 16:33:44|   8.6|  0.0|STATS |=-=-=-=-=-=-=-=-=-=-=-=-=-=-=-=-=-=-=-=-=-=-=-=-=-=-=-=-=-=-=-=-=-=-=-=-=-=-=-
2023-12-31 16:33:44|   8.6|  0.0|STATS |                           Features Written Summary
2023-12-31 16:33:44|   8.6|  0.0|STATS |=-=-=-=-=-=-=-=-=-=-=-=-=-=-=-=-=-=-=-=-=-=-=-=-=-=-=-=-=-=-=-=-=-=-=-=-=-=-=-
2023-12-31 16:33:44|   8.6|  0.0|STATS |ndvi                                                                         1
2023-12-31 16:33:44|   8.6|  0.0|STATS |==============================================================================
2023-12-31 16:33:44|   8.6|  0.0|STATS |Total Features Written                                                       1
2023-12-31 16:33:44|   8.6|  0.0|STATS |=-=-=-=-=-=-=-=-=-=-=-=-=-=-=-=-=-=-=-=-=-=-=-=-=-=-=-=-=-=-=-=-=-=-=-=-=-=-=-
2023-12-31 16:33:44|   8.6|  0.0|WARN  |-~-~-~-~-~-~-~-~-~-~-~-~-~-~-~-~-~-~-~-~-~-~-~-~-~-~-~-~-~-~-~-~-~-~-~-~-~-~-~-~-
2023-12-31 16:33:44|   8.6|  0.0|WARN  |-~                                                                             ~-
2023-12-31 16:33:44|   8.6|  0.0|WARN  |-~    Feature caches have been recorded at every stage of the translation.     ~-
2023-12-31 16:33:44|   8.6|  0.0|WARN  |-~                      To inspect the recorded features,                      ~-
2023-12-31 16:33:44|   8.6|  0.0|WARN  |-~              click the feature cache icons next to the ports.               ~-
2023-12-31 16:33:44|   8.6|  0.0|WARN  |-~                                                                             ~-
2023-12-31 16:33:44|   8.6|  0.0|WARN  |-~-~-~-~-~-~-~-~-~-~-~-~-~-~-~-~-~-~-~-~-~-~-~-~-~-~-~-~-~-~-~-~-~-~-~-~-~-~-~-~-
2023-12-31 16:33:44|   8.6|  0.0|INFORM|An FME_END_PYTHON script was specified, and will execute after the translation is complete and log file has been closed.
2023-12-31 16:33:44|   8.6|  0.0|INFORM|Translation was SUCCESSFUL with 9 warning(s) (1 feature(s) output)
2023-12-31 16:33:44|   8.7|  0.1|INFORM|FME Session Duration: 9.9 seconds. (CPU: 6.7s user, 2.0s system)
2023-12-31 16:33:44|   8.7|  0.0|INFORM|END - ProcessID: 23480, peak process memory usage: 469104 kB, current process memory usage: 178364 kB
